<?xml version="1.0" encoding="UTF-8"?>
<!-- Generated by org.testng.reporters.JUnitReportReporter -->
<testsuite hostname="CDC2-D-4B74N62" name="demo2.hac2.pro1" tests="2" failures="0" timestamp="17 Sep 2019 10:28:43 GMT" time="14.534" errors="0">
  <testcase name="OpenChrome" time="5.849" classname="demo2.hac2.pro1"/>
  <testcase name="OpenIE" time="8.685" classname="demo2.hac2.pro1"/>
</testsuite> <!-- demo2.hac2.pro1 -->
