<?xml version="1.0" encoding="UTF-8"?>
<!-- Generated by org.testng.reporters.JUnitReportReporter -->
<testsuite hostname="CDC2-D-4B74N62" name="demo2.hac2.xlimport" tests="1" failures="0" timestamp="20 Sep 2019 09:22:19 GMT" time="0.007" errors="0">
  <testcase name="testAut" time="0.007" classname="demo2.hac2.xlimport"/>
</testsuite> <!-- demo2.hac2.xlimport -->
