<?xml version="1.0" encoding="UTF-8"?>
<!-- Generated by org.testng.reporters.JUnitReportReporter -->
<testsuite hostname="CDC2-D-4B74N62" name="demo2.hac2.Testmefull" tests="1" failures="0" timestamp="20 Sep 2019 10:46:28 GMT" time="23.319" errors="0">
  <testcase name="Elements" time="23.319" classname="demo2.hac2.Testmefull"/>
</testsuite> <!-- demo2.hac2.Testmefull -->
