<?xml version="1.0" encoding="UTF-8"?>
<!-- Generated by org.testng.reporters.JUnitReportReporter -->
<testsuite hostname="CDC2-D-4B74N62" name="demo2.hac2.Test1" tests="1" failures="0" timestamp="20 Sep 2019 03:38:05 GMT" time="13.105" errors="0">
  <testcase name="Elements" time="13.105" classname="demo2.hac2.Test1"/>
</testsuite> <!-- demo2.hac2.Test1 -->
